2010-04-22 20:23:52,081 - Log4JLogChute initialized using file 'velocity.log'
2010-04-22 20:23:52,082 - Starting Apache Velocity v1.6.2 (compiled: 2009-02-19 16:29:46)
2010-04-22 20:23:52,082 - Default Properties File: org\apache\velocity\runtime\defaults\velocity.properties
2010-04-22 20:23:52,082 - Trying to use logger class org.apache.velocity.runtime.log.AvalonLogChute
2010-04-22 20:23:52,082 - Target log system for org.apache.velocity.runtime.log.AvalonLogChute is not available (java.lang.NoClassDefFoundError: org/apache/log/format/Formatter).  Falling back to next log system...
2010-04-22 20:23:52,082 - Trying to use logger class org.apache.velocity.runtime.log.Log4JLogChute
2010-04-22 20:23:52,082 - Using logger class org.apache.velocity.runtime.log.Log4JLogChute
2010-04-22 20:23:52,091 - ResourceLoader instantiated: org.apache.velocity.runtime.resource.loader.FileResourceLoader
2010-04-22 20:23:52,093 - Do unicode file recognition:  false
2010-04-22 20:23:52,093 - FileResourceLoader : adding path '.'
2010-04-22 20:23:52,140 - ResourceCache: initialized (class org.apache.velocity.runtime.resource.ResourceCacheImpl) with class java.util.Collections$SynchronizedMap cache map.
2010-04-22 20:23:52,143 - Loaded System Directive: org.apache.velocity.runtime.directive.Define
2010-04-22 20:23:52,145 - Loaded System Directive: org.apache.velocity.runtime.directive.Break
2010-04-22 20:23:52,146 - Loaded System Directive: org.apache.velocity.runtime.directive.Evaluate
2010-04-22 20:23:52,147 - Loaded System Directive: org.apache.velocity.runtime.directive.Literal
2010-04-22 20:23:52,149 - Loaded System Directive: org.apache.velocity.runtime.directive.Macro
2010-04-22 20:23:52,151 - Loaded System Directive: org.apache.velocity.runtime.directive.Parse
2010-04-22 20:23:52,154 - Loaded System Directive: org.apache.velocity.runtime.directive.Include
2010-04-22 20:23:52,155 - Loaded System Directive: org.apache.velocity.runtime.directive.Foreach
2010-04-22 20:23:52,199 - Created '20' parsers.
2010-04-22 20:23:52,217 - Velocimacro : "velocimacro.library" is not set.  Trying default library: VM_global_library.vm
2010-04-22 20:23:52,218 - Velocimacro : Default library not found.
2010-04-22 20:23:52,218 - Velocimacro : allowInline = true : VMs can be defined inline in templates
2010-04-22 20:23:52,218 - Velocimacro : allowInlineToOverride = false : VMs defined inline may NOT replace previous VM definitions
2010-04-22 20:23:52,218 - Velocimacro : allowInlineLocal = false : VMs defined inline will be global in scope if allowed.
2010-04-22 20:23:52,218 - Velocimacro : autoload off : VM system will not automatically reload global library macros
2010-04-22 20:25:57,418 - ResourceManager : unable to find resource 'src/test/resources/forgot-password-text.vm' in any resource loader.
2010-04-22 20:29:12,847 - Log4JLogChute initialized using file 'velocity.log'
2010-04-22 20:29:12,847 - Starting Apache Velocity v1.6.2 (compiled: 2009-02-19 16:29:46)
2010-04-22 20:29:12,847 - Default Properties File: org\apache\velocity\runtime\defaults\velocity.properties
2010-04-22 20:29:12,847 - Trying to use logger class org.apache.velocity.runtime.log.AvalonLogChute
2010-04-22 20:29:12,847 - Target log system for org.apache.velocity.runtime.log.AvalonLogChute is not available (java.lang.NoClassDefFoundError: org/apache/log/format/Formatter).  Falling back to next log system...
2010-04-22 20:29:12,847 - Trying to use logger class org.apache.velocity.runtime.log.Log4JLogChute
2010-04-22 20:29:12,847 - Using logger class org.apache.velocity.runtime.log.Log4JLogChute
2010-04-22 20:29:12,856 - ResourceLoader instantiated: org.apache.velocity.runtime.resource.loader.FileResourceLoader
2010-04-22 20:29:12,858 - Do unicode file recognition:  false
2010-04-22 20:29:12,858 - FileResourceLoader : adding path '.'
2010-04-22 20:29:12,861 - ResourceCache: initialized (class org.apache.velocity.runtime.resource.ResourceCacheImpl) with class java.util.Collections$SynchronizedMap cache map.
2010-04-22 20:29:12,864 - Loaded System Directive: org.apache.velocity.runtime.directive.Define
2010-04-22 20:29:12,865 - Loaded System Directive: org.apache.velocity.runtime.directive.Break
2010-04-22 20:29:12,867 - Loaded System Directive: org.apache.velocity.runtime.directive.Evaluate
2010-04-22 20:29:12,868 - Loaded System Directive: org.apache.velocity.runtime.directive.Literal
2010-04-22 20:29:12,870 - Loaded System Directive: org.apache.velocity.runtime.directive.Macro
2010-04-22 20:29:12,873 - Loaded System Directive: org.apache.velocity.runtime.directive.Parse
2010-04-22 20:29:12,875 - Loaded System Directive: org.apache.velocity.runtime.directive.Include
2010-04-22 20:29:12,877 - Loaded System Directive: org.apache.velocity.runtime.directive.Foreach
2010-04-22 20:29:12,931 - Created '20' parsers.
2010-04-22 20:29:12,948 - Velocimacro : "velocimacro.library" is not set.  Trying default library: VM_global_library.vm
2010-04-22 20:29:12,948 - Velocimacro : Default library not found.
2010-04-22 20:29:12,948 - Velocimacro : allowInline = true : VMs can be defined inline in templates
2010-04-22 20:29:12,948 - Velocimacro : allowInlineToOverride = false : VMs defined inline may NOT replace previous VM definitions
2010-04-22 20:29:12,949 - Velocimacro : allowInlineLocal = false : VMs defined inline will be global in scope if allowed.
2010-04-22 20:29:12,949 - Velocimacro : autoload off : VM system will not automatically reload global library macros
2010-04-22 20:30:52,174 - ResourceManager : unable to find resource 'src/test/resources/forgot-password-text.vm' in any resource loader.
2010-04-22 20:32:56,594 - Log4JLogChute initialized using file 'velocity.log'
2010-04-22 20:32:56,594 - Starting Apache Velocity v1.6.2 (compiled: 2009-02-19 16:29:46)
2010-04-22 20:32:56,594 - Default Properties File: org\apache\velocity\runtime\defaults\velocity.properties
2010-04-22 20:32:56,594 - Trying to use logger class org.apache.velocity.runtime.log.AvalonLogChute
2010-04-22 20:32:56,594 - Target log system for org.apache.velocity.runtime.log.AvalonLogChute is not available (java.lang.NoClassDefFoundError: org/apache/log/format/Formatter).  Falling back to next log system...
2010-04-22 20:32:56,595 - Trying to use logger class org.apache.velocity.runtime.log.Log4JLogChute
2010-04-22 20:32:56,595 - Using logger class org.apache.velocity.runtime.log.Log4JLogChute
2010-04-22 20:32:56,610 - ResourceLoader instantiated: org.apache.velocity.runtime.resource.loader.FileResourceLoader
2010-04-22 20:32:56,612 - Do unicode file recognition:  false
2010-04-22 20:32:56,613 - FileResourceLoader : adding path '.'
2010-04-22 20:32:56,615 - ResourceCache: initialized (class org.apache.velocity.runtime.resource.ResourceCacheImpl) with class java.util.Collections$SynchronizedMap cache map.
2010-04-22 20:32:56,617 - Loaded System Directive: org.apache.velocity.runtime.directive.Define
2010-04-22 20:32:56,620 - Loaded System Directive: org.apache.velocity.runtime.directive.Break
2010-04-22 20:32:56,622 - Loaded System Directive: org.apache.velocity.runtime.directive.Evaluate
2010-04-22 20:32:56,623 - Loaded System Directive: org.apache.velocity.runtime.directive.Literal
2010-04-22 20:32:56,625 - Loaded System Directive: org.apache.velocity.runtime.directive.Macro
2010-04-22 20:32:56,628 - Loaded System Directive: org.apache.velocity.runtime.directive.Parse
2010-04-22 20:32:56,630 - Loaded System Directive: org.apache.velocity.runtime.directive.Include
2010-04-22 20:32:56,632 - Loaded System Directive: org.apache.velocity.runtime.directive.Foreach
2010-04-22 20:32:56,676 - Created '20' parsers.
2010-04-22 20:32:56,694 - Velocimacro : "velocimacro.library" is not set.  Trying default library: VM_global_library.vm
2010-04-22 20:32:56,694 - Velocimacro : Default library not found.
2010-04-22 20:32:56,694 - Velocimacro : allowInline = true : VMs can be defined inline in templates
2010-04-22 20:32:56,694 - Velocimacro : allowInlineToOverride = false : VMs defined inline may NOT replace previous VM definitions
2010-04-22 20:32:56,694 - Velocimacro : allowInlineLocal = false : VMs defined inline will be global in scope if allowed.
2010-04-22 20:32:56,695 - Velocimacro : autoload off : VM system will not automatically reload global library macros
2010-04-22 20:33:46,216 - Log4JLogChute initialized using file 'velocity.log'
2010-04-22 20:33:46,216 - Starting Apache Velocity v1.6.2 (compiled: 2009-02-19 16:29:46)
2010-04-22 20:33:46,216 - Default Properties File: org\apache\velocity\runtime\defaults\velocity.properties
2010-04-22 20:33:46,216 - Trying to use logger class org.apache.velocity.runtime.log.AvalonLogChute
2010-04-22 20:33:46,216 - Target log system for org.apache.velocity.runtime.log.AvalonLogChute is not available (java.lang.NoClassDefFoundError: org/apache/log/format/Formatter).  Falling back to next log system...
2010-04-22 20:33:46,216 - Trying to use logger class org.apache.velocity.runtime.log.Log4JLogChute
2010-04-22 20:33:46,216 - Using logger class org.apache.velocity.runtime.log.Log4JLogChute
2010-04-22 20:33:46,224 - ResourceLoader instantiated: org.apache.velocity.runtime.resource.loader.FileResourceLoader
2010-04-22 20:33:46,226 - Do unicode file recognition:  false
2010-04-22 20:33:46,226 - FileResourceLoader : adding path '.'
2010-04-22 20:33:46,228 - ResourceCache: initialized (class org.apache.velocity.runtime.resource.ResourceCacheImpl) with class java.util.Collections$SynchronizedMap cache map.
2010-04-22 20:33:46,230 - Loaded System Directive: org.apache.velocity.runtime.directive.Define
2010-04-22 20:33:46,232 - Loaded System Directive: org.apache.velocity.runtime.directive.Break
2010-04-22 20:33:46,233 - Loaded System Directive: org.apache.velocity.runtime.directive.Evaluate
2010-04-22 20:33:46,234 - Loaded System Directive: org.apache.velocity.runtime.directive.Literal
2010-04-22 20:33:46,236 - Loaded System Directive: org.apache.velocity.runtime.directive.Macro
2010-04-22 20:33:46,238 - Loaded System Directive: org.apache.velocity.runtime.directive.Parse
2010-04-22 20:33:46,240 - Loaded System Directive: org.apache.velocity.runtime.directive.Include
2010-04-22 20:33:46,242 - Loaded System Directive: org.apache.velocity.runtime.directive.Foreach
2010-04-22 20:33:46,289 - Created '20' parsers.
2010-04-22 20:33:46,308 - Velocimacro : "velocimacro.library" is not set.  Trying default library: VM_global_library.vm
2010-04-22 20:33:46,308 - Velocimacro : Default library not found.
2010-04-22 20:33:46,308 - Velocimacro : allowInline = true : VMs can be defined inline in templates
2010-04-22 20:33:46,308 - Velocimacro : allowInlineToOverride = false : VMs defined inline may NOT replace previous VM definitions
2010-04-22 20:33:46,308 - Velocimacro : allowInlineLocal = false : VMs defined inline will be global in scope if allowed.
2010-04-22 20:33:46,308 - Velocimacro : autoload off : VM system will not automatically reload global library macros
2010-04-22 20:34:08,896 - ResourceManager : found src/test/resources/com/tabulaw/mail/forgot-password-text.vm with loader org.apache.velocity.runtime.resource.loader.FileResourceLoader
2010-04-22 20:36:23,668 - Log4JLogChute initialized using file 'velocity.log'
2010-04-22 20:36:23,668 - Starting Apache Velocity v1.6.2 (compiled: 2009-02-19 16:29:46)
2010-04-22 20:36:23,668 - Default Properties File: org\apache\velocity\runtime\defaults\velocity.properties
2010-04-22 20:36:23,668 - Trying to use logger class org.apache.velocity.runtime.log.AvalonLogChute
2010-04-22 20:36:23,668 - Target log system for org.apache.velocity.runtime.log.AvalonLogChute is not available (java.lang.NoClassDefFoundError: org/apache/log/format/Formatter).  Falling back to next log system...
2010-04-22 20:36:23,668 - Trying to use logger class org.apache.velocity.runtime.log.Log4JLogChute
2010-04-22 20:36:23,668 - Using logger class org.apache.velocity.runtime.log.Log4JLogChute
2010-04-22 20:36:23,677 - ResourceLoader instantiated: org.apache.velocity.runtime.resource.loader.FileResourceLoader
2010-04-22 20:36:23,679 - Do unicode file recognition:  false
2010-04-22 20:36:23,679 - FileResourceLoader : adding path '.'
2010-04-22 20:36:23,681 - ResourceCache: initialized (class org.apache.velocity.runtime.resource.ResourceCacheImpl) with class java.util.Collections$SynchronizedMap cache map.
2010-04-22 20:36:23,683 - Loaded System Directive: org.apache.velocity.runtime.directive.Define
2010-04-22 20:36:23,685 - Loaded System Directive: org.apache.velocity.runtime.directive.Break
2010-04-22 20:36:23,686 - Loaded System Directive: org.apache.velocity.runtime.directive.Evaluate
2010-04-22 20:36:23,687 - Loaded System Directive: org.apache.velocity.runtime.directive.Literal
2010-04-22 20:36:23,689 - Loaded System Directive: org.apache.velocity.runtime.directive.Macro
2010-04-22 20:36:23,691 - Loaded System Directive: org.apache.velocity.runtime.directive.Parse
2010-04-22 20:36:23,693 - Loaded System Directive: org.apache.velocity.runtime.directive.Include
2010-04-22 20:36:23,695 - Loaded System Directive: org.apache.velocity.runtime.directive.Foreach
2010-04-22 20:36:23,750 - Created '20' parsers.
2010-04-22 20:36:23,766 - Velocimacro : "velocimacro.library" is not set.  Trying default library: VM_global_library.vm
2010-04-22 20:36:23,766 - Velocimacro : Default library not found.
2010-04-22 20:36:23,766 - Velocimacro : allowInline = true : VMs can be defined inline in templates
2010-04-22 20:36:23,766 - Velocimacro : allowInlineToOverride = false : VMs defined inline may NOT replace previous VM definitions
2010-04-22 20:36:23,766 - Velocimacro : allowInlineLocal = false : VMs defined inline will be global in scope if allowed.
2010-04-22 20:36:23,766 - Velocimacro : autoload off : VM system will not automatically reload global library macros
2010-04-22 20:36:33,269 - ResourceManager : found src/test/resources/com/tabulaw/mail/forgot-password-text.vm with loader org.apache.velocity.runtime.resource.loader.FileResourceLoader
2010-04-22 20:36:33,752 - ResourceManager : found src/test/resources/com/tabulaw/mail/forgot-password-text.vm with loader org.apache.velocity.runtime.resource.loader.FileResourceLoader
2010-04-22 20:37:12,752 - Log4JLogChute initialized using file 'velocity.log'
2010-04-22 20:37:12,752 - Starting Apache Velocity v1.6.2 (compiled: 2009-02-19 16:29:46)
2010-04-22 20:37:12,752 - Default Properties File: org\apache\velocity\runtime\defaults\velocity.properties
2010-04-22 20:37:12,752 - Trying to use logger class org.apache.velocity.runtime.log.AvalonLogChute
2010-04-22 20:37:12,752 - Target log system for org.apache.velocity.runtime.log.AvalonLogChute is not available (java.lang.NoClassDefFoundError: org/apache/log/format/Formatter).  Falling back to next log system...
2010-04-22 20:37:12,753 - Trying to use logger class org.apache.velocity.runtime.log.Log4JLogChute
2010-04-22 20:37:12,753 - Using logger class org.apache.velocity.runtime.log.Log4JLogChute
2010-04-22 20:37:12,761 - ResourceLoader instantiated: org.apache.velocity.runtime.resource.loader.FileResourceLoader
2010-04-22 20:37:12,762 - Do unicode file recognition:  false
2010-04-22 20:37:12,762 - FileResourceLoader : adding path '.'
2010-04-22 20:37:12,764 - ResourceCache: initialized (class org.apache.velocity.runtime.resource.ResourceCacheImpl) with class java.util.Collections$SynchronizedMap cache map.
2010-04-22 20:37:12,767 - Loaded System Directive: org.apache.velocity.runtime.directive.Define
2010-04-22 20:37:12,768 - Loaded System Directive: org.apache.velocity.runtime.directive.Break
2010-04-22 20:37:12,770 - Loaded System Directive: org.apache.velocity.runtime.directive.Evaluate
2010-04-22 20:37:12,771 - Loaded System Directive: org.apache.velocity.runtime.directive.Literal
2010-04-22 20:37:12,772 - Loaded System Directive: org.apache.velocity.runtime.directive.Macro
2010-04-22 20:37:12,775 - Loaded System Directive: org.apache.velocity.runtime.directive.Parse
2010-04-22 20:37:12,777 - Loaded System Directive: org.apache.velocity.runtime.directive.Include
2010-04-22 20:37:12,778 - Loaded System Directive: org.apache.velocity.runtime.directive.Foreach
2010-04-22 20:37:12,819 - Created '20' parsers.
2010-04-22 20:37:12,836 - Velocimacro : "velocimacro.library" is not set.  Trying default library: VM_global_library.vm
2010-04-22 20:37:12,837 - Velocimacro : Default library not found.
2010-04-22 20:37:12,837 - Velocimacro : allowInline = true : VMs can be defined inline in templates
2010-04-22 20:37:12,837 - Velocimacro : allowInlineToOverride = false : VMs defined inline may NOT replace previous VM definitions
2010-04-22 20:37:12,837 - Velocimacro : allowInlineLocal = false : VMs defined inline will be global in scope if allowed.
2010-04-22 20:37:12,837 - Velocimacro : autoload off : VM system will not automatically reload global library macros
2010-04-22 20:37:12,960 - ResourceManager : found src/test/resources/com/tabulaw/mail/forgot-password-text.vm with loader org.apache.velocity.runtime.resource.loader.FileResourceLoader
2010-04-22 20:37:57,025 - ResourceManager : found src/test/resources/com/tabulaw/mail/forgot-password-text.vm with loader org.apache.velocity.runtime.resource.loader.FileResourceLoader
2010-04-22 20:47:54,678 - Log4JLogChute initialized using file 'velocity.log'
2010-04-22 20:47:54,678 - Starting Apache Velocity v1.6.2 (compiled: 2009-02-19 16:29:46)
2010-04-22 20:47:54,678 - Default Properties File: org\apache\velocity\runtime\defaults\velocity.properties
2010-04-22 20:47:54,678 - Trying to use logger class org.apache.velocity.runtime.log.AvalonLogChute
2010-04-22 20:47:54,678 - Target log system for org.apache.velocity.runtime.log.AvalonLogChute is not available (java.lang.NoClassDefFoundError: org/apache/log/format/Formatter).  Falling back to next log system...
2010-04-22 20:47:54,678 - Trying to use logger class org.apache.velocity.runtime.log.Log4JLogChute
2010-04-22 20:47:54,678 - Using logger class org.apache.velocity.runtime.log.Log4JLogChute
2010-04-22 20:47:54,686 - ResourceLoader instantiated: org.apache.velocity.runtime.resource.loader.FileResourceLoader
2010-04-22 20:47:54,688 - Do unicode file recognition:  false
2010-04-22 20:47:54,688 - FileResourceLoader : adding path '.'
2010-04-22 20:47:54,690 - ResourceCache: initialized (class org.apache.velocity.runtime.resource.ResourceCacheImpl) with class java.util.Collections$SynchronizedMap cache map.
2010-04-22 20:47:54,692 - Loaded System Directive: org.apache.velocity.runtime.directive.Define
2010-04-22 20:47:54,694 - Loaded System Directive: org.apache.velocity.runtime.directive.Break
2010-04-22 20:47:54,695 - Loaded System Directive: org.apache.velocity.runtime.directive.Evaluate
2010-04-22 20:47:54,696 - Loaded System Directive: org.apache.velocity.runtime.directive.Literal
2010-04-22 20:47:54,698 - Loaded System Directive: org.apache.velocity.runtime.directive.Macro
2010-04-22 20:47:54,700 - Loaded System Directive: org.apache.velocity.runtime.directive.Parse
2010-04-22 20:47:54,702 - Loaded System Directive: org.apache.velocity.runtime.directive.Include
2010-04-22 20:47:54,704 - Loaded System Directive: org.apache.velocity.runtime.directive.Foreach
2010-04-22 20:47:54,745 - Created '20' parsers.
2010-04-22 20:47:54,762 - Velocimacro : "velocimacro.library" is not set.  Trying default library: VM_global_library.vm
2010-04-22 20:47:54,762 - Velocimacro : Default library not found.
2010-04-22 20:47:54,762 - Velocimacro : allowInline = true : VMs can be defined inline in templates
2010-04-22 20:47:54,762 - Velocimacro : allowInlineToOverride = false : VMs defined inline may NOT replace previous VM definitions
2010-04-22 20:47:54,762 - Velocimacro : allowInlineLocal = false : VMs defined inline will be global in scope if allowed.
2010-04-22 20:47:54,762 - Velocimacro : autoload off : VM system will not automatically reload global library macros
2010-04-22 20:47:55,079 - ResourceManager : found src/test/resources/com/tabulaw/mail/forgot-password-text.vm with loader org.apache.velocity.runtime.resource.loader.FileResourceLoader
2010-04-22 20:48:01,951 - Log4JLogChute initialized using file 'velocity.log'
2010-04-22 20:48:01,952 - Starting Apache Velocity v1.6.2 (compiled: 2009-02-19 16:29:46)
2010-04-22 20:48:01,952 - Default Properties File: org\apache\velocity\runtime\defaults\velocity.properties
2010-04-22 20:48:01,952 - Trying to use logger class org.apache.velocity.runtime.log.AvalonLogChute
2010-04-22 20:48:01,952 - Target log system for org.apache.velocity.runtime.log.AvalonLogChute is not available (java.lang.NoClassDefFoundError: org/apache/log/format/Formatter).  Falling back to next log system...
2010-04-22 20:48:01,952 - Trying to use logger class org.apache.velocity.runtime.log.Log4JLogChute
2010-04-22 20:48:01,952 - Using logger class org.apache.velocity.runtime.log.Log4JLogChute
2010-04-22 20:48:01,961 - ResourceLoader instantiated: org.apache.velocity.runtime.resource.loader.FileResourceLoader
2010-04-22 20:48:01,963 - Do unicode file recognition:  false
2010-04-22 20:48:01,964 - FileResourceLoader : adding path '.'
2010-04-22 20:48:01,966 - ResourceCache: initialized (class org.apache.velocity.runtime.resource.ResourceCacheImpl) with class java.util.Collections$SynchronizedMap cache map.
2010-04-22 20:48:01,968 - Loaded System Directive: org.apache.velocity.runtime.directive.Define
2010-04-22 20:48:01,970 - Loaded System Directive: org.apache.velocity.runtime.directive.Break
2010-04-22 20:48:01,971 - Loaded System Directive: org.apache.velocity.runtime.directive.Evaluate
2010-04-22 20:48:01,972 - Loaded System Directive: org.apache.velocity.runtime.directive.Literal
2010-04-22 20:48:01,974 - Loaded System Directive: org.apache.velocity.runtime.directive.Macro
2010-04-22 20:48:01,977 - Loaded System Directive: org.apache.velocity.runtime.directive.Parse
2010-04-22 20:48:01,979 - Loaded System Directive: org.apache.velocity.runtime.directive.Include
2010-04-22 20:48:01,980 - Loaded System Directive: org.apache.velocity.runtime.directive.Foreach
2010-04-22 20:48:02,023 - Created '20' parsers.
2010-04-22 20:48:02,042 - Velocimacro : "velocimacro.library" is not set.  Trying default library: VM_global_library.vm
2010-04-22 20:48:02,042 - Velocimacro : Default library not found.
2010-04-22 20:48:02,042 - Velocimacro : allowInline = true : VMs can be defined inline in templates
2010-04-22 20:48:02,042 - Velocimacro : allowInlineToOverride = false : VMs defined inline may NOT replace previous VM definitions
2010-04-22 20:48:02,042 - Velocimacro : allowInlineLocal = false : VMs defined inline will be global in scope if allowed.
2010-04-22 20:48:02,042 - Velocimacro : autoload off : VM system will not automatically reload global library macros
2010-04-22 20:48:02,202 - ResourceManager : found src/test/resources/com/tabulaw/mail/forgot-password-text.vm with loader org.apache.velocity.runtime.resource.loader.FileResourceLoader
